2025-04-01 01:32:35.460  INFO [  restartedMain]                      hjk.algo.AlgoApplication: Starting AlgoApplication using Java 17.0.14 with PID 10852 (C:\Users\hjk\Desktop\project\git\algo\build\classes\java\main started by hjk in C:\Users\hjk\Desktop\project\git\algo)
2025-04-01 01:32:35.461  INFO [  restartedMain]                      hjk.algo.AlgoApplication: No active profile set, falling back to 1 default profile: "default"
2025-04-01 01:32:35.610  INFO [  restartedMain] s.b.d.e.DevToolsPropertyDefaultsPostProcessor: Devtools property defaults active! Set 'spring.devtools.add-properties' to 'false' to disable
2025-04-01 01:32:35.610  INFO [  restartedMain] s.b.d.e.DevToolsPropertyDefaultsPostProcessor: For additional web related logging consider setting the 'logging.level.web' property to 'DEBUG'
2025-04-01 01:32:36.282 TRACE [  restartedMain]      o.m.spring.mapper.ClassPathMapperScanner: Scanning file [C:\Users\hjk\Desktop\project\git\algo\build\classes\java\main\hjk\algo\AlgoApplication.class]
2025-04-01 01:32:36.282 TRACE [  restartedMain]      o.m.spring.mapper.ClassPathMapperScanner: Ignored because not matching any filter: file [C:\Users\hjk\Desktop\project\git\algo\build\classes\java\main\hjk\algo\AlgoApplication.class]
2025-04-01 01:32:36.283 TRACE [  restartedMain]      o.m.spring.mapper.ClassPathMapperScanner: Scanning file [C:\Users\hjk\Desktop\project\git\algo\build\classes\java\main\hjk\algo\api\UserRestController.class]
2025-04-01 01:32:36.283 TRACE [  restartedMain]      o.m.spring.mapper.ClassPathMapperScanner: Ignored because not matching any filter: file [C:\Users\hjk\Desktop\project\git\algo\build\classes\java\main\hjk\algo\api\UserRestController.class]
2025-04-01 01:32:36.283 TRACE [  restartedMain]      o.m.spring.mapper.ClassPathMapperScanner: Scanning file [C:\Users\hjk\Desktop\project\git\algo\build\classes\java\main\hjk\algo\aspect\WebAspect.class]
2025-04-01 01:32:36.283 TRACE [  restartedMain]      o.m.spring.mapper.ClassPathMapperScanner: Ignored because not matching any filter: file [C:\Users\hjk\Desktop\project\git\algo\build\classes\java\main\hjk\algo\aspect\WebAspect.class]
2025-04-01 01:32:36.283 TRACE [  restartedMain]      o.m.spring.mapper.ClassPathMapperScanner: Scanning file [C:\Users\hjk\Desktop\project\git\algo\build\classes\java\main\hjk\algo\config\CustomHealthIndicator.class]
2025-04-01 01:32:36.283 TRACE [  restartedMain]      o.m.spring.mapper.ClassPathMapperScanner: Ignored because not matching any filter: file [C:\Users\hjk\Desktop\project\git\algo\build\classes\java\main\hjk\algo\config\CustomHealthIndicator.class]
2025-04-01 01:32:36.283 TRACE [  restartedMain]      o.m.spring.mapper.ClassPathMapperScanner: Scanning file [C:\Users\hjk\Desktop\project\git\algo\build\classes\java\main\hjk\algo\config\MybatisMssqlConfig.class]
2025-04-01 01:32:36.283 TRACE [  restartedMain]      o.m.spring.mapper.ClassPathMapperScanner: Ignored because not matching any filter: file [C:\Users\hjk\Desktop\project\git\algo\build\classes\java\main\hjk\algo\config\MybatisMssqlConfig.class]
2025-04-01 01:32:36.283 TRACE [  restartedMain]      o.m.spring.mapper.ClassPathMapperScanner: Scanning file [C:\Users\hjk\Desktop\project\git\algo\build\classes\java\main\hjk\algo\config\security\CustomAccessDeniedHandler.class]
2025-04-01 01:32:36.283 TRACE [  restartedMain]      o.m.spring.mapper.ClassPathMapperScanner: Ignored because not matching any filter: file [C:\Users\hjk\Desktop\project\git\algo\build\classes\java\main\hjk\algo\config\security\CustomAccessDeniedHandler.class]
2025-04-01 01:32:36.283 TRACE [  restartedMain]      o.m.spring.mapper.ClassPathMapperScanner: Scanning file [C:\Users\hjk\Desktop\project\git\algo\build\classes\java\main\hjk\algo\config\security\CustomAuthenticationProvider.class]
2025-04-01 01:32:36.283 TRACE [  restartedMain]      o.m.spring.mapper.ClassPathMapperScanner: Ignored because not matching any filter: file [C:\Users\hjk\Desktop\project\git\algo\build\classes\java\main\hjk\algo\config\security\CustomAuthenticationProvider.class]
2025-04-01 01:32:36.283 TRACE [  restartedMain]      o.m.spring.mapper.ClassPathMapperScanner: Scanning file [C:\Users\hjk\Desktop\project\git\algo\build\classes\java\main\hjk\algo\config\security\CustomAuthenticationSuccessHandler.class]
2025-04-01 01:32:36.283 TRACE [  restartedMain]      o.m.spring.mapper.ClassPathMapperScanner: Ignored because not matching any filter: file [C:\Users\hjk\Desktop\project\git\algo\build\classes\java\main\hjk\algo\config\security\CustomAuthenticationSuccessHandler.class]
2025-04-01 01:32:36.283 TRACE [  restartedMain]      o.m.spring.mapper.ClassPathMapperScanner: Scanning file [C:\Users\hjk\Desktop\project\git\algo\build\classes\java\main\hjk\algo\config\security\CustomSecurityFilter.class]
2025-04-01 01:32:36.283 TRACE [  restartedMain]      o.m.spring.mapper.ClassPathMapperScanner: Ignored because not matching any filter: file [C:\Users\hjk\Desktop\project\git\algo\build\classes\java\main\hjk\algo\config\security\CustomSecurityFilter.class]
2025-04-01 01:32:36.283 TRACE [  restartedMain]      o.m.spring.mapper.ClassPathMapperScanner: Scanning file [C:\Users\hjk\Desktop\project\git\algo\build\classes\java\main\hjk\algo\config\security\CustomUserDetails.class]
2025-04-01 01:32:36.283 TRACE [  restartedMain]      o.m.spring.mapper.ClassPathMapperScanner: Ignored because not matching any filter: file [C:\Users\hjk\Desktop\project\git\algo\build\classes\java\main\hjk\algo\config\security\CustomUserDetails.class]
2025-04-01 01:32:36.283 TRACE [  restartedMain]      o.m.spring.mapper.ClassPathMapperScanner: Scanning file [C:\Users\hjk\Desktop\project\git\algo\build\classes\java\main\hjk\algo\config\security\CustomUserDetailsService.class]
2025-04-01 01:32:36.283 TRACE [  restartedMain]      o.m.spring.mapper.ClassPathMapperScanner: Ignored because not matching any filter: file [C:\Users\hjk\Desktop\project\git\algo\build\classes\java\main\hjk\algo\config\security\CustomUserDetailsService.class]
2025-04-01 01:32:36.283 TRACE [  restartedMain]      o.m.spring.mapper.ClassPathMapperScanner: Scanning file [C:\Users\hjk\Desktop\project\git\algo\build\classes\java\main\hjk\algo\config\WebConfig.class]
2025-04-01 01:32:36.284 TRACE [  restartedMain]      o.m.spring.mapper.ClassPathMapperScanner: Ignored because not matching any filter: file [C:\Users\hjk\Desktop\project\git\algo\build\classes\java\main\hjk\algo\config\WebConfig.class]
2025-04-01 01:32:36.284 TRACE [  restartedMain]      o.m.spring.mapper.ClassPathMapperScanner: Scanning file [C:\Users\hjk\Desktop\project\git\algo\build\classes\java\main\hjk\algo\config\WebSecurityConfig.class]
2025-04-01 01:32:36.284 TRACE [  restartedMain]      o.m.spring.mapper.ClassPathMapperScanner: Ignored because not matching any filter: file [C:\Users\hjk\Desktop\project\git\algo\build\classes\java\main\hjk\algo\config\WebSecurityConfig.class]
2025-04-01 01:32:36.284 TRACE [  restartedMain]      o.m.spring.mapper.ClassPathMapperScanner: Scanning file [C:\Users\hjk\Desktop\project\git\algo\build\classes\java\main\hjk\algo\controller\ViewController.class]
2025-04-01 01:32:36.284 TRACE [  restartedMain]      o.m.spring.mapper.ClassPathMapperScanner: Ignored because not matching any filter: file [C:\Users\hjk\Desktop\project\git\algo\build\classes\java\main\hjk\algo\controller\ViewController.class]
2025-04-01 01:32:36.284 TRACE [  restartedMain]      o.m.spring.mapper.ClassPathMapperScanner: Scanning file [C:\Users\hjk\Desktop\project\git\algo\build\classes\java\main\hjk\algo\mapper\UserMapper.class]
2025-04-01 01:32:36.284 TRACE [  restartedMain]      o.m.spring.mapper.ClassPathMapperScanner: Scanning file [C:\Users\hjk\Desktop\project\git\algo\build\classes\java\main\hjk\algo\model\User$UserRole.class]
2025-04-01 01:32:36.284 TRACE [  restartedMain]      o.m.spring.mapper.ClassPathMapperScanner: Ignored because not matching any filter: file [C:\Users\hjk\Desktop\project\git\algo\build\classes\java\main\hjk\algo\model\User$UserRole.class]
2025-04-01 01:32:36.284 TRACE [  restartedMain]      o.m.spring.mapper.ClassPathMapperScanner: Scanning file [C:\Users\hjk\Desktop\project\git\algo\build\classes\java\main\hjk\algo\model\User.class]
2025-04-01 01:32:36.284 TRACE [  restartedMain]      o.m.spring.mapper.ClassPathMapperScanner: Ignored because not matching any filter: file [C:\Users\hjk\Desktop\project\git\algo\build\classes\java\main\hjk\algo\model\User.class]
2025-04-01 01:32:36.284 TRACE [  restartedMain]      o.m.spring.mapper.ClassPathMapperScanner: Scanning file [C:\Users\hjk\Desktop\project\git\algo\build\classes\java\main\hjk\algo\repository\UserRepository.class]
2025-04-01 01:32:36.284 TRACE [  restartedMain]      o.m.spring.mapper.ClassPathMapperScanner: Ignored because not matching any filter: file [C:\Users\hjk\Desktop\project\git\algo\build\classes\java\main\hjk\algo\repository\UserRepository.class]
2025-04-01 01:32:36.284 TRACE [  restartedMain]      o.m.spring.mapper.ClassPathMapperScanner: Scanning file [C:\Users\hjk\Desktop\project\git\algo\build\classes\java\main\hjk\algo\service\ApiService.class]
2025-04-01 01:32:36.284 TRACE [  restartedMain]      o.m.spring.mapper.ClassPathMapperScanner: Ignored because not matching any filter: file [C:\Users\hjk\Desktop\project\git\algo\build\classes\java\main\hjk\algo\service\ApiService.class]
2025-04-01 01:32:36.284 TRACE [  restartedMain]      o.m.spring.mapper.ClassPathMapperScanner: Scanning file [C:\Users\hjk\Desktop\project\git\algo\build\classes\java\main\hjk\algo\service\UserService.class]
2025-04-01 01:32:36.284 TRACE [  restartedMain]      o.m.spring.mapper.ClassPathMapperScanner: Ignored because not matching any filter: file [C:\Users\hjk\Desktop\project\git\algo\build\classes\java\main\hjk\algo\service\UserService.class]
2025-04-01 01:32:36.284 TRACE [  restartedMain]      o.m.spring.mapper.ClassPathMapperScanner: Scanning file [C:\Users\hjk\Desktop\project\git\algo\build\classes\java\main\hjk\algo\utils\cipher\AES.class]
2025-04-01 01:32:36.284 TRACE [  restartedMain]      o.m.spring.mapper.ClassPathMapperScanner: Ignored because not matching any filter: file [C:\Users\hjk\Desktop\project\git\algo\build\classes\java\main\hjk\algo\utils\cipher\AES.class]
2025-04-01 01:32:36.284 TRACE [  restartedMain]      o.m.spring.mapper.ClassPathMapperScanner: Scanning file [C:\Users\hjk\Desktop\project\git\algo\build\classes\java\main\hjk\algo\utils\cipher\Bcrypt.class]
2025-04-01 01:32:36.284 TRACE [  restartedMain]      o.m.spring.mapper.ClassPathMapperScanner: Ignored because not matching any filter: file [C:\Users\hjk\Desktop\project\git\algo\build\classes\java\main\hjk\algo\utils\cipher\Bcrypt.class]
2025-04-01 01:32:36.284 TRACE [  restartedMain]      o.m.spring.mapper.ClassPathMapperScanner: Scanning file [C:\Users\hjk\Desktop\project\git\algo\build\classes\java\main\hjk\algo\utils\cipher\CipherHelper.class]
2025-04-01 01:32:36.284 TRACE [  restartedMain]      o.m.spring.mapper.ClassPathMapperScanner: Ignored because not matching any filter: file [C:\Users\hjk\Desktop\project\git\algo\build\classes\java\main\hjk\algo\utils\cipher\CipherHelper.class]
2025-04-01 01:32:36.284 TRACE [  restartedMain]      o.m.spring.mapper.ClassPathMapperScanner: Scanning file [C:\Users\hjk\Desktop\project\git\algo\build\classes\java\main\hjk\algo\utils\cipher\exception\CipherInitException.class]
2025-04-01 01:32:36.284 TRACE [  restartedMain]      o.m.spring.mapper.ClassPathMapperScanner: Ignored because not matching any filter: file [C:\Users\hjk\Desktop\project\git\algo\build\classes\java\main\hjk\algo\utils\cipher\exception\CipherInitException.class]
2025-04-01 01:32:36.285 TRACE [  restartedMain]      o.m.spring.mapper.ClassPathMapperScanner: Scanning file [C:\Users\hjk\Desktop\project\git\algo\build\classes\java\main\hjk\algo\utils\cipher\exception\CipherInstanceException.class]
2025-04-01 01:32:36.285 TRACE [  restartedMain]      o.m.spring.mapper.ClassPathMapperScanner: Ignored because not matching any filter: file [C:\Users\hjk\Desktop\project\git\algo\build\classes\java\main\hjk\algo\utils\cipher\exception\CipherInstanceException.class]
2025-04-01 01:32:36.285 TRACE [  restartedMain]      o.m.spring.mapper.ClassPathMapperScanner: Scanning file [C:\Users\hjk\Desktop\project\git\algo\build\classes\java\main\hjk\algo\utils\cipher\exception\CipherProcessException.class]
2025-04-01 01:32:36.285 TRACE [  restartedMain]      o.m.spring.mapper.ClassPathMapperScanner: Ignored because not matching any filter: file [C:\Users\hjk\Desktop\project\git\algo\build\classes\java\main\hjk\algo\utils\cipher\exception\CipherProcessException.class]
2025-04-01 01:32:36.285 TRACE [  restartedMain]      o.m.spring.mapper.ClassPathMapperScanner: Scanning file [C:\Users\hjk\Desktop\project\git\algo\build\classes\java\main\hjk\algo\utils\cipher\exception\CipherUtilityException.class]
2025-04-01 01:32:36.285 TRACE [  restartedMain]      o.m.spring.mapper.ClassPathMapperScanner: Ignored because not matching any filter: file [C:\Users\hjk\Desktop\project\git\algo\build\classes\java\main\hjk\algo\utils\cipher\exception\CipherUtilityException.class]
2025-04-01 01:32:36.285 TRACE [  restartedMain]      o.m.spring.mapper.ClassPathMapperScanner: Scanning file [C:\Users\hjk\Desktop\project\git\algo\build\classes\java\main\hjk\algo\utils\cipher\exception\InvalidArgumentException.class]
2025-04-01 01:32:36.285 TRACE [  restartedMain]      o.m.spring.mapper.ClassPathMapperScanner: Ignored because not matching any filter: file [C:\Users\hjk\Desktop\project\git\algo\build\classes\java\main\hjk\algo\utils\cipher\exception\InvalidArgumentException.class]
2025-04-01 01:32:36.285 TRACE [  restartedMain]      o.m.spring.mapper.ClassPathMapperScanner: Scanning file [C:\Users\hjk\Desktop\project\git\algo\build\classes\java\main\hjk\algo\utils\cipher\SHA.class]
2025-04-01 01:32:36.285 TRACE [  restartedMain]      o.m.spring.mapper.ClassPathMapperScanner: Ignored because not matching any filter: file [C:\Users\hjk\Desktop\project\git\algo\build\classes\java\main\hjk\algo\utils\cipher\SHA.class]
2025-04-01 01:32:36.285 TRACE [  restartedMain]      o.m.spring.mapper.ClassPathMapperScanner: Scanning file [C:\Users\hjk\Desktop\project\git\algo\build\classes\java\main\hjk\algo\utils\datastructures\Bag$ListIterator.class]
2025-04-01 01:32:36.285 TRACE [  restartedMain]      o.m.spring.mapper.ClassPathMapperScanner: Ignored because not matching any filter: file [C:\Users\hjk\Desktop\project\git\algo\build\classes\java\main\hjk\algo\utils\datastructures\Bag$ListIterator.class]
2025-04-01 01:32:36.285 TRACE [  restartedMain]      o.m.spring.mapper.ClassPathMapperScanner: Scanning file [C:\Users\hjk\Desktop\project\git\algo\build\classes\java\main\hjk\algo\utils\datastructures\Bag$Node.class]
2025-04-01 01:32:36.285 TRACE [  restartedMain]      o.m.spring.mapper.ClassPathMapperScanner: Ignored because not matching any filter: file [C:\Users\hjk\Desktop\project\git\algo\build\classes\java\main\hjk\algo\utils\datastructures\Bag$Node.class]
2025-04-01 01:32:36.285 TRACE [  restartedMain]      o.m.spring.mapper.ClassPathMapperScanner: Scanning file [C:\Users\hjk\Desktop\project\git\algo\build\classes\java\main\hjk\algo\utils\datastructures\Bag.class]
2025-04-01 01:32:36.285 TRACE [  restartedMain]      o.m.spring.mapper.ClassPathMapperScanner: Ignored because not matching any filter: file [C:\Users\hjk\Desktop\project\git\algo\build\classes\java\main\hjk\algo\utils\datastructures\Bag.class]
2025-04-01 01:32:36.285 TRACE [  restartedMain]      o.m.spring.mapper.ClassPathMapperScanner: Scanning file [C:\Users\hjk\Desktop\project\git\algo\build\classes\java\main\hjk\algo\utils\datastructures\Node.class]
2025-04-01 01:32:36.285 TRACE [  restartedMain]      o.m.spring.mapper.ClassPathMapperScanner: Ignored because not matching any filter: file [C:\Users\hjk\Desktop\project\git\algo\build\classes\java\main\hjk\algo\utils\datastructures\Node.class]
2025-04-01 01:32:36.285 TRACE [  restartedMain]      o.m.spring.mapper.ClassPathMapperScanner: Scanning file [C:\Users\hjk\Desktop\project\git\algo\build\classes\java\main\hjk\algo\utils\Test.class]
2025-04-01 01:32:36.285 TRACE [  restartedMain]      o.m.spring.mapper.ClassPathMapperScanner: Ignored because not matching any filter: file [C:\Users\hjk\Desktop\project\git\algo\build\classes\java\main\hjk\algo\utils\Test.class]
2025-04-01 01:32:36.794  INFO [  restartedMain]  o.s.boot.web.embedded.tomcat.TomcatWebServer: Tomcat initialized with port 8080 (http)
2025-04-01 01:32:36.802  INFO [  restartedMain]    org.apache.coyote.http11.Http11NioProtocol: Initializing ProtocolHandler ["http-nio-8080"]
2025-04-01 01:32:36.803  INFO [  restartedMain]      org.apache.catalina.core.StandardService: Starting service [Tomcat]
2025-04-01 01:32:36.803  INFO [  restartedMain]       org.apache.catalina.core.StandardEngine: Starting Servlet engine: [Apache Tomcat/10.1.36]
2025-04-01 01:32:36.854  INFO [  restartedMain]            o.a.c.c.C.[Tomcat].[localhost].[/]: Initializing Spring embedded WebApplicationContext
2025-04-01 01:32:36.854  INFO [  restartedMain] .s.b.w.s.c.ServletWebServerApplicationContext: Root WebApplicationContext: initialization completed in 1243 ms
2025-04-01 01:32:37.233  INFO [  restartedMain] ializeAuthenticationProviderManagerConfigurer: Global AuthenticationManager configured with AuthenticationProvider bean with name customAuthenticationProvider
2025-04-01 01:32:37.233  WARN [  restartedMain] igurer$InitializeUserDetailsManagerConfigurer: Global AuthenticationManager configured with an AuthenticationProvider bean. UserDetailsService beans will not be used by Spring Security for automatically configuring username/password login. Consider removing the AuthenticationProvider bean. Alternatively, consider using the UserDetailsService in a manually instantiated DaoAuthenticationProvider. If the current configuration is intentional, to turn off this warning, increase the logging level of 'org.springframework.security.config.annotation.authentication.configuration.InitializeUserDetailsBeanManagerConfigurer' to ERROR
2025-04-01 01:32:37.557  INFO [  restartedMain]    o.s.b.a.endpoint.web.EndpointLinksResolver: Exposing 6 endpoints beneath base path '/actuator'
2025-04-01 01:32:38.078  INFO [  restartedMain]            o.s.b.d.a.OptionalLiveReloadServer: LiveReload server is running on port 35729
2025-04-01 01:32:38.112  INFO [  restartedMain]    org.apache.coyote.http11.Http11NioProtocol: Starting ProtocolHandler ["http-nio-8080"]
2025-04-01 01:32:38.136  INFO [  restartedMain]  o.s.boot.web.embedded.tomcat.TomcatWebServer: Tomcat started on port 8080 (http) with context path '/'
2025-04-01 01:32:38.146  INFO [  restartedMain]                      hjk.algo.AlgoApplication: Started AlgoApplication in 2.929 seconds (process running for 3.519)
2025-04-01 01:32:38.312  INFO [192.168.219.111]            o.a.c.c.C.[Tomcat].[localhost].[/]: Initializing Spring DispatcherServlet 'dispatcherServlet'
2025-04-01 01:32:38.312  INFO [192.168.219.111]             o.s.web.servlet.DispatcherServlet: Initializing Servlet 'dispatcherServlet'
2025-04-01 01:32:38.313  INFO [192.168.219.111]             o.s.web.servlet.DispatcherServlet: Completed initialization in 1 ms
2025-04-01 01:32:38.315  WARN [192.168.219.111]                com.zaxxer.hikari.HikariConfig: HikariPool-1 - idleTimeout is close to or more than maxLifetime, disabling it.
2025-04-01 01:32:38.316  INFO [192.168.219.111]            com.zaxxer.hikari.HikariDataSource: HikariPool-1 - Starting...
2025-04-01 01:32:38.465  INFO [192.168.219.111]             com.zaxxer.hikari.pool.HikariPool: HikariPool-1 - Added connection ConnectionID:1 ClientConnectionId: 8934ac50-dfe5-4849-ac47-47767c44d8f1
2025-04-01 01:32:38.472  INFO [192.168.219.111]            com.zaxxer.hikari.HikariDataSource: HikariPool-1 - Start completed.
2025-04-01 01:32:57.029  INFO [ionShutdownHook] o.s.boot.web.embedded.tomcat.GracefulShutdown: Commencing graceful shutdown. Waiting for active requests to complete
2025-04-01 01:32:57.408  INFO [tomcat-shutdown] o.s.boot.web.embedded.tomcat.GracefulShutdown: Graceful shutdown complete
2025-04-01 01:32:57.413  INFO [ionShutdownHook]            com.zaxxer.hikari.HikariDataSource: HikariPool-1 - Shutdown initiated...
2025-04-01 01:32:57.415  INFO [ionShutdownHook]            com.zaxxer.hikari.HikariDataSource: HikariPool-1 - Shutdown completed.
